<?xml version="1.0" encoding="UTF-8"?>
<!-- Generated by org.testng.reporters.JUnitReportReporter -->
<testsuite hostname="madhu-PC" failures="0" tests="1" name="EdvoraIntern.EdvoraLogin" time="15.020" errors="0" timestamp="2022-10-02T11:18:04 IST" skipped="0">
  <testcase classname="EdvoraIntern.EdvoraLogin" name="enterUserDetails" time="15.020"/>
  <system-out/>
</testsuite> <!-- EdvoraIntern.EdvoraLogin -->
